<?xml version="1.0" encoding="UTF-8" standalone="no"?>
<testsuite failures="5" name="cucumber.runtime.formatter.JUnitFormatter" skipped="0" tests="19" time="920.284246">
<testcase classname="GCS source - Verify GCS Source plugin error scenarios" name="Verify GCS Source properties validation errors for mandatory fields" time="7.041908">
<system-out><![CDATA[Given Open Datafusion Project to configure pipeline.........................passed
When Source is GCS..........................................................passed
Then Open GCS source properties.............................................passed
Then Enter the GCS properties with blank property "referenceName"...........passed
Then Validate mandatory property error for "referenceName"..................passed
]]></system-out>
</testcase>
<testcase classname="GCS source - Verify GCS Source plugin error scenarios" name="Verify GCS Source properties validation errors for mandatory fields 2" time="6.895453">
<system-out><![CDATA[Given Open Datafusion Project to configure pipeline.........................passed
When Source is GCS..........................................................passed
Then Open GCS source properties.............................................passed
Then Enter the GCS properties with blank property "path"....................passed
Then Validate mandatory property error for "path"...........................passed
]]></system-out>
</testcase>
<testcase classname="GCS source - Verify GCS Source plugin error scenarios" name="Verify GCS Source properties validation errors for mandatory fields 3" time="7.271682">
<system-out><![CDATA[Given Open Datafusion Project to configure pipeline.........................passed
When Source is GCS..........................................................passed
Then Open GCS source properties.............................................passed
Then Enter the GCS properties with blank property "format"..................passed
Then Validate mandatory property error for "format".........................passed
]]></system-out>
</testcase>
<testcase classname="GCS source - Verify GCS Source plugin error scenarios" name="To verify Error message for invalid bucket name" time="10.227423">
<system-out><![CDATA[Given Open Datafusion Project to configure pipeline.........................passed
When Source is GCS..........................................................passed
Then Open GCS source properties.............................................passed
Then Enter GCS property projectId and reference name........................passed
Then Enter GCS property path "gcsInvalidBucketName".........................passed
Then Select GCS property format "csv".......................................passed
Then Verify invalid bucket name error message is displayed for bucket "gcsInvalidBucketName".passed
]]></system-out>
</testcase>
<testcase classname="GCS source - Verify GCS Source plugin error scenarios" name="To verify Error message for incorrect output path field value" time="15.905222">
<system-out><![CDATA[Given Open Datafusion Project to configure pipeline.........................passed
When Source is GCS..........................................................passed
Then Open GCS source properties.............................................passed
Then Enter GCS property projectId and reference name........................passed
Then Enter GCS source property path "gcsOutputFieldTestFile"................passed
Then Select GCS property format "csv".......................................passed
Then Enter GCS source property path field "gcsInvalidPathField".............passed
Then Verify Output Path field Error Message for incorrect path field "gcsInvalidPathField".passed
]]></system-out>
</testcase>
<testcase classname="GCS source - Verify GCS Source plugin error scenarios" name="To verify Error for incorrect delimiter" time="15.211086">
<system-out><![CDATA[Given Open Datafusion Project to configure pipeline.........................passed
When Source is GCS..........................................................passed
Then Open GCS source properties.............................................passed
Then Enter GCS property projectId and reference name........................passed
Then Enter GCS source property path "gcsDelimitedFile"......................passed
Then Select GCS property format "delimited".................................passed
Then Enter GCS property delimiter "gcsIncorrectDelimiter"...................passed
Then Toggle GCS source property skip header to true.........................passed
Then Verify get schema fails with error.....................................passed
]]></system-out>
</testcase>
<testcase classname="GCS source - Verify GCS Source plugin error scenarios" name="To verify Error for incorrect override field" time="15.316978">
<system-out><![CDATA[Given Open Datafusion Project to configure pipeline.........................passed
When Source is GCS..........................................................passed
Then Open GCS source properties.............................................passed
Then Enter GCS property projectId and reference name........................passed
Then Enter GCS source property path "gcsOutputFieldTestFile"................passed
Then Select GCS property format "csv".......................................passed
Then Enter GCS source property override field "gcsInvalidOverrideField" and data type "gcsOverrideDataType".passed
Then Toggle GCS source property skip header to true.........................passed
Then Verify get schema fails with error.....................................passed
]]></system-out>
</testcase>
<testcase classname="GCS source - Verify GCS Source plugin error scenarios" name="To verify Pipeline preview gets failed for incorrect Regex-Path" time="51.701418">
<system-out><![CDATA[Given Open Datafusion Project to configure pipeline.........................passed
When Source is GCS..........................................................passed
When Sink is BigQuery.......................................................passed
Then Connect source as "GCS" and sink as "BigQuery" to establish connection.passed
Then Open GCS source properties.............................................passed
Then Enter GCS property projectId and reference name........................passed
Then Enter GCS source property path "gcsCsvFile"............................passed
Then Select GCS property format "csv".......................................passed
Then Enter GCS source property regex path filter "gcsIncorrectRegexPath"....passed
Then Toggle GCS source property skip header to true.........................passed
Then Validate output schema with expectedSchema "gcsCsvFileSchema"..........passed
Then Validate "GCS" plugin properties.......................................passed
Then Close the GCS properties...............................................passed
Then Open BigQuery sink properties..........................................passed
Then Enter the BigQuery sink mandatory properties...........................passed
Then Validate "BigQuery" plugin properties..................................passed
Then Close the BigQuery properties..........................................passed
Then Save the pipeline......................................................passed
Then Preview and run the pipeline...........................................passed
Then Verify the preview of pipeline is "failed".............................passed
]]></system-out>
</testcase>
<testcase classname="GCS source - Verification of GCS to BQ successful data transfer" name="To verify data is getting transferred from GCS to BigQuery with Mandatory fields" time="123.748826">
<system-out><![CDATA[Given Open Datafusion Project to configure pipeline.........................passed
When Source is GCS..........................................................passed
When Sink is BigQuery.......................................................passed
Then Connect source as "GCS" and sink as "BigQuery" to establish connection.passed
Then Open GCS source properties.............................................passed
Then Enter GCS property projectId and reference name........................passed
Then Enter GCS source property path "gcsCsvFile"............................passed
Then Toggle GCS source property skip header to true.........................passed
Then Select GCS property format "csv".......................................passed
Then Validate output schema with expectedSchema "gcsCsvFileSchema"..........passed
Then Validate "GCS" plugin properties.......................................passed
Then Close the GCS properties...............................................passed
Then Open BigQuery sink properties..........................................passed
Then Enter the BigQuery sink mandatory properties...........................passed
Then Validate "BigQuery" plugin properties..................................passed
Then Close the BigQuery properties..........................................passed
Then Save the pipeline......................................................passed
Then Preview and run the pipeline...........................................passed
Then Verify the preview of pipeline is "success"............................passed
Then Click on preview data for BigQuery sink................................passed
Then Verify preview output schema matches the outputSchema captured in properties.passed
Then Close the preview data.................................................passed
Then Deploy the pipeline....................................................passed
Then Run the Pipeline in Runtime............................................passed
Then Wait till pipeline is in running state.................................passed
Then Open and capture logs..................................................passed
Then Verify the pipeline status is "Succeeded"..............................passed
Then Get count of no of records transferred to target BigQuery Table........passed
]]></system-out>
</testcase>
<testcase classname="GCS source - Verification of GCS to BQ successful data transfer" name="To verify successful data transfer from GCS to BigQuery with outputField" time="103.97744">
<system-out><![CDATA[Given Open Datafusion Project to configure pipeline.........................passed
When Source is GCS..........................................................passed
When Sink is BigQuery.......................................................passed
Then Connect source as "GCS" and sink as "BigQuery" to establish connection.passed
Then Open GCS source properties.............................................passed
Then Enter GCS property projectId and reference name........................passed
Then Enter GCS source property path "gcsOutputFieldTestFile"................passed
Then Select GCS property format "csv".......................................passed
Then Enter GCS source property path field "gcsPathField"....................passed
Then Toggle GCS source property skip header to true.........................passed
Then Validate output schema with expectedSchema "gcsOutputFieldTestFileSchema".passed
Then Validate "GCS" plugin properties.......................................passed
Then Close the GCS properties...............................................passed
Then Open BigQuery sink properties..........................................passed
Then Enter the BigQuery sink mandatory properties...........................passed
Then Validate "BigQuery" plugin properties..................................passed
Then Close the BigQuery properties..........................................passed
Then Save and Deploy Pipeline...............................................passed
Then Run the Pipeline in Runtime............................................passed
Then Wait till pipeline is in running state.................................passed
Then Open and capture logs..................................................passed
Then Verify the pipeline status is "Succeeded"..............................passed
Then Get count of no of records transferred to target BigQuery Table........passed
Then Verify output field "gcsPathField" in target BigQuery table contains path of the source GcsBucket "gcsOutputFieldTestFile".passed
]]></system-out>
</testcase>
<testcase classname="GCS source - Verification of GCS to BQ successful data transfer" name="To verify Successful GCS to BigQuery data transfer with Datatype override" time="105.421366">
<system-out><![CDATA[Given Open Datafusion Project to configure pipeline.........................passed
When Source is GCS..........................................................passed
When Sink is BigQuery.......................................................passed
Then Connect source as "GCS" and sink as "BigQuery" to establish connection.passed
Then Open GCS source properties.............................................passed
Then Enter GCS property projectId and reference name........................passed
Then Enter GCS source property path "gcsOutputFieldTestFile"................passed
Then Select GCS property format "csv".......................................passed
Then Enter GCS source property override field "gcsOverrideField" and data type "gcsOverrideDataType".passed
Then Toggle GCS source property skip header to true.........................passed
Then Validate output schema with expectedSchema "gcsOverrideSchema".........passed
Then Validate "GCS" plugin properties.......................................passed
Then Close the GCS properties...............................................passed
Then Open BigQuery sink properties..........................................passed
Then Enter the BigQuery sink mandatory properties...........................passed
Then Validate "BigQuery" plugin properties..................................passed
Then Close the BigQuery properties..........................................passed
Then Save and Deploy Pipeline...............................................passed
Then Run the Pipeline in Runtime............................................passed
Then Wait till pipeline is in running state.................................passed
Then Open and capture logs..................................................passed
Then Verify the pipeline status is "Succeeded"..............................passed
Then Get count of no of records transferred to target BigQuery Table........passed
Then Verify datatype of field "gcsOverrideField" is overridden to data type "gcsOverrideDataType" in target BigQuery table.passed
]]></system-out>
</testcase>
<testcase classname="GCS source - Verification of GCS to BQ successful data transfer" name="To verify Successful GCS to BigQuery data transfer with Delimiter" time="104.198089">
<system-out><![CDATA[Given Open Datafusion Project to configure pipeline.........................passed
When Source is GCS..........................................................passed
When Sink is BigQuery.......................................................passed
Then Connect source as "GCS" and sink as "BigQuery" to establish connection.passed
Then Open GCS source properties.............................................passed
Then Enter GCS property projectId and reference name........................passed
Then Enter GCS source property path "gcsDelimitedFile"......................passed
Then Select GCS property format "delimited".................................passed
Then Enter GCS property delimiter "gcsDelimiter"............................passed
Then Toggle GCS source property skip header to true.........................passed
Then Validate output schema with expectedSchema "gcsDelimitedFileSchema"....passed
Then Validate "GCS" plugin properties.......................................passed
Then Close the GCS properties...............................................passed
Then Open BigQuery sink properties..........................................passed
Then Enter the BigQuery sink mandatory properties...........................passed
Then Validate "BigQuery" plugin properties..................................passed
Then Close the BigQuery properties..........................................passed
Then Save and Deploy Pipeline...............................................passed
Then Run the Pipeline in Runtime............................................passed
Then Wait till pipeline is in running state.................................passed
Then Open and capture logs..................................................passed
Then Verify the pipeline status is "Succeeded"..............................passed
Then Get count of no of records transferred to target BigQuery Table........passed
]]></system-out>
</testcase>
<testcase classname="GCS source - Verification of GCS to BQ successful data transfer" name="To verify Successful GCS to BigQuery data transfer with blob file by entering MaxMinSplitSize" time="102.789042">
<system-out><![CDATA[Given Open Datafusion Project to configure pipeline.........................passed
When Source is GCS..........................................................passed
When Sink is BigQuery.......................................................passed
Then Connect source as "GCS" and sink as "BigQuery" to establish connection.passed
Then Open GCS source properties.............................................passed
Then Enter GCS property projectId and reference name........................passed
Then Enter GCS source property path "gcsBlobFile"...........................passed
Then Select GCS property format "blob"......................................passed
Then Enter GCS source property minimum split size "gcsMinSplitSize" and maximum split size "gcsMaxSplitSize".passed
Then Toggle GCS source property skip header to true.........................passed
Then Validate output schema with expectedSchema "gcsBlobFileSchema".........passed
Then Validate "GCS" plugin properties.......................................passed
Then Close the GCS properties...............................................passed
Then Open BigQuery sink properties..........................................passed
Then Enter the BigQuery sink mandatory properties...........................passed
Then Validate "BigQuery" plugin properties..................................passed
Then Close the BigQuery properties..........................................passed
Then Save and Deploy Pipeline...............................................passed
Then Run the Pipeline in Runtime............................................passed
Then Wait till pipeline is in running state.................................passed
Then Open and capture logs..................................................passed
Then Verify the pipeline status is "Succeeded"..............................passed
Then Get count of no of records transferred to target BigQuery Table........passed
]]></system-out>
</testcase>
<testcase classname="GCS source - Verification of GCS to BQ successful data transfer" name="To verify Successful GCS to BigQuery data transfer using Regex path filter" time="105.994402">
<system-out><![CDATA[Given Open Datafusion Project to configure pipeline.........................passed
When Source is GCS..........................................................passed
When Sink is BigQuery.......................................................passed
Then Connect source as "GCS" and sink as "BigQuery" to establish connection.passed
Then Open GCS source properties.............................................passed
Then Enter GCS property projectId and reference name........................passed
Then Enter GCS source property path "gcsCsvFile"............................passed
Then Select GCS property format "csv".......................................passed
Then Enter GCS source property regex path filter "gcsRegexPathFilter".......passed
Then Toggle GCS source property skip header to true.........................passed
Then Validate output schema with expectedSchema "gcsCsvFileSchema"..........passed
Then Validate "GCS" plugin properties.......................................passed
Then Close the GCS properties...............................................passed
Then Open BigQuery sink properties..........................................passed
Then Enter the BigQuery sink mandatory properties...........................passed
Then Validate "BigQuery" plugin properties..................................passed
Then Close the BigQuery properties..........................................passed
Then Save and Deploy Pipeline...............................................passed
Then Run the Pipeline in Runtime............................................passed
Then Wait till pipeline is in running state.................................passed
Then Open and capture logs..................................................passed
Then Verify the pipeline status is "Succeeded"..............................passed
Then Get count of no of records transferred to target BigQuery Table........passed
]]></system-out>
</testcase>
<testcase classname="GCS source - Validate GCS plugin output schema for different formats" name="GCS Source output schema validation" time="107.605618">
<failure message="org.openqa.selenium.TimeoutException: Expected condition failed: waiting for visibility of Proxy element for: DefaultElementLocator 'By.xpath: //*[@data-cy='get-schema-btn']//span[text()='Get Schema']' (tried for 60 second(s) with 500 milliseconds interval)&#10;&#9;at org.openqa.selenium.support.ui.WebDriverWait.timeoutException(WebDriverWait.java:95)&#10;&#9;at org.openqa.selenium.support.ui.FluentWait.until(FluentWait.java:234)&#10;&#9;at io.cdap.e2e.utils.WaitHelper.waitForElementToBeDisplayed(WaitHelper.java:63)&#10;&#9;at stepsdesign.PipelineSteps.validateOutputSchemaWithExpectedSchema(PipelineSteps.java:139)&#10;&#9;at ✽.Validate output schema with expectedSchema &quot;gcsCsvFileSchema&quot;(file:src/e2e-test/features/gcs/source/GCSourceSchema.feature:12)&#10;Caused by: org.openqa.selenium.NoSuchElementException: no such element: Unable to locate element: {&quot;method&quot;:&quot;xpath&quot;,&quot;selector&quot;:&quot;//*[@data-cy='get-schema-btn']//span[text()='Get Schema']&quot;}&#10;  (Session info: headless chrome=92.0.4515.159)&#10;For documentation on this error, please visit: https://selenium.dev/exceptions/#no_such_element&#10;Build info: version: '4.0.0-rc-1', revision: 'bc5511cbda'&#10;System info: host: 'runner-deployment-build-e2e-cdapio-65d7f4cfcc-klnnm', ip: '10.116.9.14', os.name: 'Linux', os.arch: 'amd64', os.version: '5.4.144+', java.version: '1.8.0_292'&#10;Driver info: org.openqa.selenium.chrome.ChromeDriver&#10;Command: [b7d5af5cc5df739c7f4b0a9471f9b1cb, findElement {using=xpath, value=//*[@data-cy='get-schema-btn']//span[text()='Get Schema']}]&#10;Capabilities {acceptInsecureCerts: false, browserName: chrome, browserVersion: 92.0.4515.159, chrome: {chromedriverVersion: 92.0.4515.107 (87a818b10553..., userDataDir: /tmp/.com.google.Chrome.LUVcVq}, goog:chromeOptions: {debuggerAddress: localhost:40605}, javascriptEnabled: true, networkConnectionEnabled: false, pageLoadStrategy: normal, platform: LINUX, platformName: LINUX, proxy: Proxy(), se:cdp: ws://localhost:40605/devtoo..., se:cdpVersion: 92.0.4515.159, setWindowRect: true, strictFileInteractability: false, timeouts: {implicit: 0, pageLoad: 300000, script: 30000}, unhandledPromptBehavior: dismiss and notify, webauthn:extension:credBlob: true, webauthn:extension:largeBlob: true, webauthn:virtualAuthenticators: true}&#10;Session ID: b7d5af5cc5df739c7f4b0a9471f9b1cb&#10;&#9;at sun.reflect.GeneratedConstructorAccessor44.newInstance(Unknown Source)&#10;&#9;at sun.reflect.DelegatingConstructorAccessorImpl.newInstance(DelegatingConstructorAccessorImpl.java:45)&#10;&#9;at java.lang.reflect.Constructor.newInstance(Constructor.java:423)&#10;&#9;at org.openqa.selenium.remote.codec.w3c.W3CHttpResponseCodec.createException(W3CHttpResponseCodec.java:200)&#10;&#9;at org.openqa.selenium.remote.codec.w3c.W3CHttpResponseCodec.decode(W3CHttpResponseCodec.java:133)&#10;&#9;at org.openqa.selenium.remote.codec.w3c.W3CHttpResponseCodec.decode(W3CHttpResponseCodec.java:53)&#10;&#9;at org.openqa.selenium.remote.HttpCommandExecutor.execute(HttpCommandExecutor.java:184)&#10;&#9;at org.openqa.selenium.remote.service.DriverCommandExecutor.invokeExecute(DriverCommandExecutor.java:164)&#10;&#9;at org.openqa.selenium.remote.service.DriverCommandExecutor.execute(DriverCommandExecutor.java:139)&#10;&#9;at org.openqa.selenium.remote.RemoteWebDriver.execute(RemoteWebDriver.java:547)&#10;&#9;at org.openqa.selenium.remote.ElementLocation$ElementFinder$2.findElement(ElementLocation.java:162)&#10;&#9;at org.openqa.selenium.remote.ElementLocation.findElement(ElementLocation.java:60)&#10;&#9;at org.openqa.selenium.remote.RemoteWebDriver.findElement(RemoteWebDriver.java:381)&#10;&#9;at org.openqa.selenium.remote.RemoteWebDriver.findElement(RemoteWebDriver.java:373)&#10;&#9;at org.openqa.selenium.support.pagefactory.DefaultElementLocator.findElement(DefaultElementLocator.java:70)&#10;&#9;at org.openqa.selenium.support.pagefactory.internal.LocatingElementHandler.invoke(LocatingElementHandler.java:39)&#10;&#9;at com.sun.proxy.$Proxy22.isDisplayed(Unknown Source)&#10;&#9;at org.openqa.selenium.support.ui.ExpectedConditions.elementIfVisible(ExpectedConditions.java:314)&#10;&#9;at org.openqa.selenium.support.ui.ExpectedConditions.access$000(ExpectedConditions.java:43)&#10;&#9;at org.openqa.selenium.support.ui.ExpectedConditions$10.apply(ExpectedConditions.java:300)&#10;&#9;at org.openqa.selenium.support.ui.ExpectedConditions$10.apply(ExpectedConditions.java:297)&#10;&#9;at org.openqa.selenium.support.ui.FluentWait.until(FluentWait.java:211)&#10;&#9;at io.cdap.e2e.utils.WaitHelper.waitForElementToBeDisplayed(WaitHelper.java:63)&#10;&#9;at stepsdesign.PipelineSteps.validateOutputSchemaWithExpectedSchema(PipelineSteps.java:139)&#10;&#9;at sun.reflect.NativeMethodAccessorImpl.invoke0(Native Method)&#10;&#9;at sun.reflect.NativeMethodAccessorImpl.invoke(NativeMethodAccessorImpl.java:62)&#10;&#9;at sun.reflect.DelegatingMethodAccessorImpl.invoke(DelegatingMethodAccessorImpl.java:43)&#10;&#9;at java.lang.reflect.Method.invoke(Method.java:498)&#10;&#9;at cucumber.runtime.Utils$1.call(Utils.java:26)&#10;&#9;at cucumber.runtime.Timeout.timeout(Timeout.java:16)&#10;&#9;at cucumber.runtime.Utils.invoke(Utils.java:20)&#10;&#9;at cucumber.runtime.java.JavaStepDefinition.execute(JavaStepDefinition.java:57)&#10;&#9;at cucumber.runner.PickleStepDefinitionMatch.runStep(PickleStepDefinitionMatch.java:50)&#10;&#9;at cucumber.runner.TestStep.executeStep(TestStep.java:65)&#10;&#9;at cucumber.runner.TestStep.run(TestStep.java:50)&#10;&#9;at cucumber.runner.PickleStepTestStep.run(PickleStepTestStep.java:43)&#10;&#9;at cucumber.runner.TestCase.run(TestCase.java:46)&#10;&#9;at cucumber.runner.Runner.runPickle(Runner.java:50)&#10;&#9;at io.cucumber.junit.PickleRunners$NoStepDescriptions.run(PickleRunners.java:146)&#10;&#9;at io.cucumber.junit.FeatureRunner.runChild(FeatureRunner.java:68)&#10;&#9;at io.cucumber.junit.FeatureRunner.runChild(FeatureRunner.java:23)&#10;&#9;at org.junit.runners.ParentRunner$4.run(ParentRunner.java:331)&#10;&#9;at org.junit.runners.ParentRunner$1.schedule(ParentRunner.java:79)&#10;&#9;at org.junit.runners.ParentRunner.runChildren(ParentRunner.java:329)&#10;&#9;at org.junit.runners.ParentRunner.access$100(ParentRunner.java:66)&#10;&#9;at org.junit.runners.ParentRunner$2.evaluate(ParentRunner.java:293)&#10;&#9;at org.junit.runners.ParentRunner$3.evaluate(ParentRunner.java:306)&#10;&#9;at org.junit.runners.ParentRunner.run(ParentRunner.java:413)&#10;&#9;at io.cucumber.junit.Cucumber.runChild(Cucumber.java:144)&#10;&#9;at io.cucumber.junit.Cucumber.runChild(Cucumber.java:65)&#10;&#9;at org.junit.runners.ParentRunner$4.run(ParentRunner.java:331)&#10;&#9;at org.apache.maven.surefire.junitcore.pc.Scheduler$1.run(Scheduler.java:405)&#10;&#9;at org.apache.maven.surefire.junitcore.pc.InvokerStrategy.schedule(InvokerStrategy.java:54)&#10;&#9;at org.apache.maven.surefire.junitcore.pc.Scheduler.schedule(Scheduler.java:362)&#10;&#9;at org.junit.runners.ParentRunner.runChildren(ParentRunner.java:329)&#10;&#9;at org.junit.runners.ParentRunner.access$100(ParentRunner.java:66)&#10;&#9;at org.junit.runners.ParentRunner$2.evaluate(ParentRunner.java:293)&#10;&#9;at io.cucumber.junit.Cucumber$RunCucumber.evaluate(Cucumber.java:174)&#10;&#9;at org.junit.runners.ParentRunner$3.evaluate(ParentRunner.java:306)&#10;&#9;at org.junit.runners.ParentRunner.run(ParentRunner.java:413)&#10;&#9;at org.junit.runners.Suite.runChild(Suite.java:128)&#10;&#9;at org.junit.runners.Suite.runChild(Suite.java:27)&#10;&#9;at org.junit.runners.ParentRunner$4.run(ParentRunner.java:331)&#10;&#9;at org.apache.maven.surefire.junitcore.pc.Scheduler$1.run(Scheduler.java:405)&#10;&#9;at java.util.concurrent.Executors$RunnableAdapter.call(Executors.java:511)&#10;&#9;at java.util.concurrent.FutureTask.run(FutureTask.java:266)&#10;&#9;at java.util.concurrent.ThreadPoolExecutor.runWorker(ThreadPoolExecutor.java:1149)&#10;&#9;at java.util.concurrent.ThreadPoolExecutor$Worker.run(ThreadPoolExecutor.java:624)&#10;&#9;at java.lang.Thread.run(Thread.java:748)&#10;"><![CDATA[Given Open Datafusion Project to configure pipeline.........................passed
When Source is GCS..........................................................passed
Then Open GCS source properties.............................................passed
Then Enter GCS property projectId and reference name........................passed
Then Enter GCS source property path "gcsCsvFile"............................passed
Then Select GCS property format "csv".......................................passed
Then Toggle GCS source property skip header to true.........................passed
Then Validate output schema with expectedSchema "gcsCsvFileSchema"..........failed

StackTrace:
org.openqa.selenium.TimeoutException: Expected condition failed: waiting for visibility of Proxy element for: DefaultElementLocator 'By.xpath: //*[@data-cy='get-schema-btn']//span[text()='Get Schema']' (tried for 60 second(s) with 500 milliseconds interval)
	at org.openqa.selenium.support.ui.WebDriverWait.timeoutException(WebDriverWait.java:95)
	at org.openqa.selenium.support.ui.FluentWait.until(FluentWait.java:234)
	at io.cdap.e2e.utils.WaitHelper.waitForElementToBeDisplayed(WaitHelper.java:63)
	at stepsdesign.PipelineSteps.validateOutputSchemaWithExpectedSchema(PipelineSteps.java:139)
	at ✽.Validate output schema with expectedSchema "gcsCsvFileSchema"(file:src/e2e-test/features/gcs/source/GCSourceSchema.feature:12)
Caused by: org.openqa.selenium.NoSuchElementException: no such element: Unable to locate element: {"method":"xpath","selector":"//*[@data-cy='get-schema-btn']//span[text()='Get Schema']"}
  (Session info: headless chrome=92.0.4515.159)
For documentation on this error, please visit: https://selenium.dev/exceptions/#no_such_element
Build info: version: '4.0.0-rc-1', revision: 'bc5511cbda'
System info: host: 'runner-deployment-build-e2e-cdapio-65d7f4cfcc-klnnm', ip: '10.116.9.14', os.name: 'Linux', os.arch: 'amd64', os.version: '5.4.144+', java.version: '1.8.0_292'
Driver info: org.openqa.selenium.chrome.ChromeDriver
Command: [b7d5af5cc5df739c7f4b0a9471f9b1cb, findElement {using=xpath, value=//*[@data-cy='get-schema-btn']//span[text()='Get Schema']}]
Capabilities {acceptInsecureCerts: false, browserName: chrome, browserVersion: 92.0.4515.159, chrome: {chromedriverVersion: 92.0.4515.107 (87a818b10553..., userDataDir: /tmp/.com.google.Chrome.LUVcVq}, goog:chromeOptions: {debuggerAddress: localhost:40605}, javascriptEnabled: true, networkConnectionEnabled: false, pageLoadStrategy: normal, platform: LINUX, platformName: LINUX, proxy: Proxy(), se:cdp: ws://localhost:40605/devtoo..., se:cdpVersion: 92.0.4515.159, setWindowRect: true, strictFileInteractability: false, timeouts: {implicit: 0, pageLoad: 300000, script: 30000}, unhandledPromptBehavior: dismiss and notify, webauthn:extension:credBlob: true, webauthn:extension:largeBlob: true, webauthn:virtualAuthenticators: true}
Session ID: b7d5af5cc5df739c7f4b0a9471f9b1cb
	at sun.reflect.GeneratedConstructorAccessor44.newInstance(Unknown Source)
	at sun.reflect.DelegatingConstructorAccessorImpl.newInstance(DelegatingConstructorAccessorImpl.java:45)
	at java.lang.reflect.Constructor.newInstance(Constructor.java:423)
	at org.openqa.selenium.remote.codec.w3c.W3CHttpResponseCodec.createException(W3CHttpResponseCodec.java:200)
	at org.openqa.selenium.remote.codec.w3c.W3CHttpResponseCodec.decode(W3CHttpResponseCodec.java:133)
	at org.openqa.selenium.remote.codec.w3c.W3CHttpResponseCodec.decode(W3CHttpResponseCodec.java:53)
	at org.openqa.selenium.remote.HttpCommandExecutor.execute(HttpCommandExecutor.java:184)
	at org.openqa.selenium.remote.service.DriverCommandExecutor.invokeExecute(DriverCommandExecutor.java:164)
	at org.openqa.selenium.remote.service.DriverCommandExecutor.execute(DriverCommandExecutor.java:139)
	at org.openqa.selenium.remote.RemoteWebDriver.execute(RemoteWebDriver.java:547)
	at org.openqa.selenium.remote.ElementLocation$ElementFinder$2.findElement(ElementLocation.java:162)
	at org.openqa.selenium.remote.ElementLocation.findElement(ElementLocation.java:60)
	at org.openqa.selenium.remote.RemoteWebDriver.findElement(RemoteWebDriver.java:381)
	at org.openqa.selenium.remote.RemoteWebDriver.findElement(RemoteWebDriver.java:373)
	at org.openqa.selenium.support.pagefactory.DefaultElementLocator.findElement(DefaultElementLocator.java:70)
	at org.openqa.selenium.support.pagefactory.internal.LocatingElementHandler.invoke(LocatingElementHandler.java:39)
	at com.sun.proxy.$Proxy22.isDisplayed(Unknown Source)
	at org.openqa.selenium.support.ui.ExpectedConditions.elementIfVisible(ExpectedConditions.java:314)
	at org.openqa.selenium.support.ui.ExpectedConditions.access$000(ExpectedConditions.java:43)
	at org.openqa.selenium.support.ui.ExpectedConditions$10.apply(ExpectedConditions.java:300)
	at org.openqa.selenium.support.ui.ExpectedConditions$10.apply(ExpectedConditions.java:297)
	at org.openqa.selenium.support.ui.FluentWait.until(FluentWait.java:211)
	at io.cdap.e2e.utils.WaitHelper.waitForElementToBeDisplayed(WaitHelper.java:63)
	at stepsdesign.PipelineSteps.validateOutputSchemaWithExpectedSchema(PipelineSteps.java:139)
	at sun.reflect.NativeMethodAccessorImpl.invoke0(Native Method)
	at sun.reflect.NativeMethodAccessorImpl.invoke(NativeMethodAccessorImpl.java:62)
	at sun.reflect.DelegatingMethodAccessorImpl.invoke(DelegatingMethodAccessorImpl.java:43)
	at java.lang.reflect.Method.invoke(Method.java:498)
	at cucumber.runtime.Utils$1.call(Utils.java:26)
	at cucumber.runtime.Timeout.timeout(Timeout.java:16)
	at cucumber.runtime.Utils.invoke(Utils.java:20)
	at cucumber.runtime.java.JavaStepDefinition.execute(JavaStepDefinition.java:57)
	at cucumber.runner.PickleStepDefinitionMatch.runStep(PickleStepDefinitionMatch.java:50)
	at cucumber.runner.TestStep.executeStep(TestStep.java:65)
	at cucumber.runner.TestStep.run(TestStep.java:50)
	at cucumber.runner.PickleStepTestStep.run(PickleStepTestStep.java:43)
	at cucumber.runner.TestCase.run(TestCase.java:46)
	at cucumber.runner.Runner.runPickle(Runner.java:50)
	at io.cucumber.junit.PickleRunners$NoStepDescriptions.run(PickleRunners.java:146)
	at io.cucumber.junit.FeatureRunner.runChild(FeatureRunner.java:68)
	at io.cucumber.junit.FeatureRunner.runChild(FeatureRunner.java:23)
	at org.junit.runners.ParentRunner$4.run(ParentRunner.java:331)
	at org.junit.runners.ParentRunner$1.schedule(ParentRunner.java:79)
	at org.junit.runners.ParentRunner.runChildren(ParentRunner.java:329)
	at org.junit.runners.ParentRunner.access$100(ParentRunner.java:66)
	at org.junit.runners.ParentRunner$2.evaluate(ParentRunner.java:293)
	at org.junit.runners.ParentRunner$3.evaluate(ParentRunner.java:306)
	at org.junit.runners.ParentRunner.run(ParentRunner.java:413)
	at io.cucumber.junit.Cucumber.runChild(Cucumber.java:144)
	at io.cucumber.junit.Cucumber.runChild(Cucumber.java:65)
	at org.junit.runners.ParentRunner$4.run(ParentRunner.java:331)
	at org.apache.maven.surefire.junitcore.pc.Scheduler$1.run(Scheduler.java:405)
	at org.apache.maven.surefire.junitcore.pc.InvokerStrategy.schedule(InvokerStrategy.java:54)
	at org.apache.maven.surefire.junitcore.pc.Scheduler.schedule(Scheduler.java:362)
	at org.junit.runners.ParentRunner.runChildren(ParentRunner.java:329)
	at org.junit.runners.ParentRunner.access$100(ParentRunner.java:66)
	at org.junit.runners.ParentRunner$2.evaluate(ParentRunner.java:293)
	at io.cucumber.junit.Cucumber$RunCucumber.evaluate(Cucumber.java:174)
	at org.junit.runners.ParentRunner$3.evaluate(ParentRunner.java:306)
	at org.junit.runners.ParentRunner.run(ParentRunner.java:413)
	at org.junit.runners.Suite.runChild(Suite.java:128)
	at org.junit.runners.Suite.runChild(Suite.java:27)
	at org.junit.runners.ParentRunner$4.run(ParentRunner.java:331)
	at org.apache.maven.surefire.junitcore.pc.Scheduler$1.run(Scheduler.java:405)
	at java.util.concurrent.Executors$RunnableAdapter.call(Executors.java:511)
	at java.util.concurrent.FutureTask.run(FutureTask.java:266)
	at java.util.concurrent.ThreadPoolExecutor.runWorker(ThreadPoolExecutor.java:1149)
	at java.util.concurrent.ThreadPoolExecutor$Worker.run(ThreadPoolExecutor.java:624)
	at java.lang.Thread.run(Thread.java:748)
]]></failure>
</testcase>
<testcase classname="GCS source - Validate GCS plugin output schema for different formats" name="GCS Source output schema validation 2" time="31.81161">
<failure message="org.openqa.selenium.NoSuchElementException: no such element: Unable to locate element: {&quot;method&quot;:&quot;xpath&quot;,&quot;selector&quot;:&quot;//div[contains(@class, 'plugin-name')][normalize-space(text()) = 'BigQuery']&quot;}&#10;  (Session info: headless chrome=92.0.4515.159)&#10;For documentation on this error, please visit: https://selenium.dev/exceptions/#no_such_element&#10;Build info: version: '4.0.0-rc-1', revision: 'bc5511cbda'&#10;System info: host: 'runner-deployment-build-e2e-cdapio-65d7f4cfcc-klnnm', ip: '10.116.9.14', os.name: 'Linux', os.arch: 'amd64', os.version: '5.4.144+', java.version: '1.8.0_292'&#10;Driver info: org.openqa.selenium.chrome.ChromeDriver&#10;Command: [b7d5af5cc5df739c7f4b0a9471f9b1cb, findElement {using=xpath, value=//div[contains(@class, 'plugin-name')][normalize-space(text()) = 'BigQuery']}]&#10;Capabilities {acceptInsecureCerts: false, browserName: chrome, browserVersion: 92.0.4515.159, chrome: {chromedriverVersion: 92.0.4515.107 (87a818b10553..., userDataDir: /tmp/.com.google.Chrome.LUVcVq}, goog:chromeOptions: {debuggerAddress: localhost:40605}, javascriptEnabled: true, networkConnectionEnabled: false, pageLoadStrategy: normal, platform: LINUX, platformName: LINUX, proxy: Proxy(), se:cdp: ws://localhost:40605/devtoo..., se:cdpVersion: 92.0.4515.159, setWindowRect: true, strictFileInteractability: false, timeouts: {implicit: 0, pageLoad: 300000, script: 30000}, unhandledPromptBehavior: dismiss and notify, webauthn:extension:credBlob: true, webauthn:extension:largeBlob: true, webauthn:virtualAuthenticators: true}&#10;Session ID: b7d5af5cc5df739c7f4b0a9471f9b1cb&#10;&#9;at sun.reflect.GeneratedConstructorAccessor44.newInstance(Unknown Source)&#10;&#9;at sun.reflect.DelegatingConstructorAccessorImpl.newInstance(DelegatingConstructorAccessorImpl.java:45)&#10;&#9;at java.lang.reflect.Constructor.newInstance(Constructor.java:423)&#10;&#9;at org.openqa.selenium.remote.codec.w3c.W3CHttpResponseCodec.createException(W3CHttpResponseCodec.java:200)&#10;&#9;at org.openqa.selenium.remote.codec.w3c.W3CHttpResponseCodec.decode(W3CHttpResponseCodec.java:133)&#10;&#9;at org.openqa.selenium.remote.codec.w3c.W3CHttpResponseCodec.decode(W3CHttpResponseCodec.java:53)&#10;&#9;at org.openqa.selenium.remote.HttpCommandExecutor.execute(HttpCommandExecutor.java:184)&#10;&#9;at org.openqa.selenium.remote.service.DriverCommandExecutor.invokeExecute(DriverCommandExecutor.java:164)&#10;&#9;at org.openqa.selenium.remote.service.DriverCommandExecutor.execute(DriverCommandExecutor.java:139)&#10;&#9;at org.openqa.selenium.remote.RemoteWebDriver.execute(RemoteWebDriver.java:547)&#10;&#9;at org.openqa.selenium.remote.ElementLocation$ElementFinder$2.findElement(ElementLocation.java:162)&#10;&#9;at org.openqa.selenium.remote.ElementLocation.findElement(ElementLocation.java:60)&#10;&#9;at org.openqa.selenium.remote.RemoteWebDriver.findElement(RemoteWebDriver.java:381)&#10;&#9;at org.openqa.selenium.remote.RemoteWebDriver.findElement(RemoteWebDriver.java:373)&#10;&#9;at io.cdap.e2e.pages.locators.CdfStudioLocators.locatePluginNameInList(CdfStudioLocators.java:171)&#10;&#9;at io.cdap.e2e.utils.CdfHelper.openCdf(CdfHelper.java:52)&#10;&#9;at stepsdesign.PipelineSteps.openDatafusionProjectToConfigurePipeline(PipelineSteps.java:66)&#10;&#9;at ✽.Open Datafusion Project to configure pipeline(file:src/e2e-test/features/gcs/source/GCSourceSchema.feature:5)&#10;"><![CDATA[Given Open Datafusion Project to configure pipeline.........................failed
When Source is GCS..........................................................skipped
Then Open GCS source properties.............................................skipped
Then Enter GCS property projectId and reference name........................skipped
Then Enter GCS source property path "gcsTsvFile"............................skipped
Then Select GCS property format "tsv".......................................skipped
Then Toggle GCS source property skip header to true.........................skipped
Then Validate output schema with expectedSchema "gcsTsvFileSchema"..........skipped

StackTrace:
org.openqa.selenium.NoSuchElementException: no such element: Unable to locate element: {"method":"xpath","selector":"//div[contains(@class, 'plugin-name')][normalize-space(text()) = 'BigQuery']"}
  (Session info: headless chrome=92.0.4515.159)
For documentation on this error, please visit: https://selenium.dev/exceptions/#no_such_element
Build info: version: '4.0.0-rc-1', revision: 'bc5511cbda'
System info: host: 'runner-deployment-build-e2e-cdapio-65d7f4cfcc-klnnm', ip: '10.116.9.14', os.name: 'Linux', os.arch: 'amd64', os.version: '5.4.144+', java.version: '1.8.0_292'
Driver info: org.openqa.selenium.chrome.ChromeDriver
Command: [b7d5af5cc5df739c7f4b0a9471f9b1cb, findElement {using=xpath, value=//div[contains(@class, 'plugin-name')][normalize-space(text()) = 'BigQuery']}]
Capabilities {acceptInsecureCerts: false, browserName: chrome, browserVersion: 92.0.4515.159, chrome: {chromedriverVersion: 92.0.4515.107 (87a818b10553..., userDataDir: /tmp/.com.google.Chrome.LUVcVq}, goog:chromeOptions: {debuggerAddress: localhost:40605}, javascriptEnabled: true, networkConnectionEnabled: false, pageLoadStrategy: normal, platform: LINUX, platformName: LINUX, proxy: Proxy(), se:cdp: ws://localhost:40605/devtoo..., se:cdpVersion: 92.0.4515.159, setWindowRect: true, strictFileInteractability: false, timeouts: {implicit: 0, pageLoad: 300000, script: 30000}, unhandledPromptBehavior: dismiss and notify, webauthn:extension:credBlob: true, webauthn:extension:largeBlob: true, webauthn:virtualAuthenticators: true}
Session ID: b7d5af5cc5df739c7f4b0a9471f9b1cb
	at sun.reflect.GeneratedConstructorAccessor44.newInstance(Unknown Source)
	at sun.reflect.DelegatingConstructorAccessorImpl.newInstance(DelegatingConstructorAccessorImpl.java:45)
	at java.lang.reflect.Constructor.newInstance(Constructor.java:423)
	at org.openqa.selenium.remote.codec.w3c.W3CHttpResponseCodec.createException(W3CHttpResponseCodec.java:200)
	at org.openqa.selenium.remote.codec.w3c.W3CHttpResponseCodec.decode(W3CHttpResponseCodec.java:133)
	at org.openqa.selenium.remote.codec.w3c.W3CHttpResponseCodec.decode(W3CHttpResponseCodec.java:53)
	at org.openqa.selenium.remote.HttpCommandExecutor.execute(HttpCommandExecutor.java:184)
	at org.openqa.selenium.remote.service.DriverCommandExecutor.invokeExecute(DriverCommandExecutor.java:164)
	at org.openqa.selenium.remote.service.DriverCommandExecutor.execute(DriverCommandExecutor.java:139)
	at org.openqa.selenium.remote.RemoteWebDriver.execute(RemoteWebDriver.java:547)
	at org.openqa.selenium.remote.ElementLocation$ElementFinder$2.findElement(ElementLocation.java:162)
	at org.openqa.selenium.remote.ElementLocation.findElement(ElementLocation.java:60)
	at org.openqa.selenium.remote.RemoteWebDriver.findElement(RemoteWebDriver.java:381)
	at org.openqa.selenium.remote.RemoteWebDriver.findElement(RemoteWebDriver.java:373)
	at io.cdap.e2e.pages.locators.CdfStudioLocators.locatePluginNameInList(CdfStudioLocators.java:171)
	at io.cdap.e2e.utils.CdfHelper.openCdf(CdfHelper.java:52)
	at stepsdesign.PipelineSteps.openDatafusionProjectToConfigurePipeline(PipelineSteps.java:66)
	at ✽.Open Datafusion Project to configure pipeline(file:src/e2e-test/features/gcs/source/GCSourceSchema.feature:5)
]]></failure>
</testcase>
<testcase classname="GCS source - Validate GCS plugin output schema for different formats" name="GCS Source output schema validation 3" time="2.034596">
<failure message="org.openqa.selenium.WebDriverException: unknown error: net::ERR_CONNECTION_REFUSED&#10;  (Session info: headless chrome=92.0.4515.159)&#10;Build info: version: '4.0.0-rc-1', revision: 'bc5511cbda'&#10;System info: host: 'runner-deployment-build-e2e-cdapio-65d7f4cfcc-klnnm', ip: '10.116.9.14', os.name: 'Linux', os.arch: 'amd64', os.version: '5.4.144+', java.version: '1.8.0_292'&#10;Driver info: org.openqa.selenium.chrome.ChromeDriver&#10;Command: [b7d5af5cc5df739c7f4b0a9471f9b1cb, get {url=http://localhost:11011/pipelines/ns/default/studio}]&#10;Capabilities {acceptInsecureCerts: false, browserName: chrome, browserVersion: 92.0.4515.159, chrome: {chromedriverVersion: 92.0.4515.107 (87a818b10553..., userDataDir: /tmp/.com.google.Chrome.LUVcVq}, goog:chromeOptions: {debuggerAddress: localhost:40605}, javascriptEnabled: true, networkConnectionEnabled: false, pageLoadStrategy: normal, platform: LINUX, platformName: LINUX, proxy: Proxy(), se:cdp: ws://localhost:40605/devtoo..., se:cdpVersion: 92.0.4515.159, setWindowRect: true, strictFileInteractability: false, timeouts: {implicit: 0, pageLoad: 300000, script: 30000}, unhandledPromptBehavior: dismiss and notify, webauthn:extension:credBlob: true, webauthn:extension:largeBlob: true, webauthn:virtualAuthenticators: true}&#10;Session ID: b7d5af5cc5df739c7f4b0a9471f9b1cb&#10;&#9;at sun.reflect.NativeConstructorAccessorImpl.newInstance0(Native Method)&#10;&#9;at sun.reflect.NativeConstructorAccessorImpl.newInstance(NativeConstructorAccessorImpl.java:62)&#10;&#9;at sun.reflect.DelegatingConstructorAccessorImpl.newInstance(DelegatingConstructorAccessorImpl.java:45)&#10;&#9;at java.lang.reflect.Constructor.newInstance(Constructor.java:423)&#10;&#9;at org.openqa.selenium.remote.codec.w3c.W3CHttpResponseCodec.createException(W3CHttpResponseCodec.java:200)&#10;&#9;at org.openqa.selenium.remote.codec.w3c.W3CHttpResponseCodec.decode(W3CHttpResponseCodec.java:133)&#10;&#9;at org.openqa.selenium.remote.codec.w3c.W3CHttpResponseCodec.decode(W3CHttpResponseCodec.java:53)&#10;&#9;at org.openqa.selenium.remote.HttpCommandExecutor.execute(HttpCommandExecutor.java:184)&#10;&#9;at org.openqa.selenium.remote.service.DriverCommandExecutor.invokeExecute(DriverCommandExecutor.java:164)&#10;&#9;at org.openqa.selenium.remote.service.DriverCommandExecutor.execute(DriverCommandExecutor.java:139)&#10;&#9;at org.openqa.selenium.remote.RemoteWebDriver.execute(RemoteWebDriver.java:547)&#10;&#9;at org.openqa.selenium.remote.RemoteWebDriver.get(RemoteWebDriver.java:326)&#10;&#9;at io.cdap.e2e.utils.SeleniumDriver.openPage(SeleniumDriver.java:78)&#10;&#9;at io.cdap.e2e.utils.CdfHelper.openCdf(CdfHelper.java:47)&#10;&#9;at stepsdesign.PipelineSteps.openDatafusionProjectToConfigurePipeline(PipelineSteps.java:66)&#10;&#9;at ✽.Open Datafusion Project to configure pipeline(file:src/e2e-test/features/gcs/source/GCSourceSchema.feature:5)&#10;"><![CDATA[Given Open Datafusion Project to configure pipeline.........................failed
When Source is GCS..........................................................skipped
Then Open GCS source properties.............................................skipped
Then Enter GCS property projectId and reference name........................skipped
Then Enter GCS source property path "gcsBlobFile"...........................skipped
Then Select GCS property format "blob"......................................skipped
Then Toggle GCS source property skip header to true.........................skipped
Then Validate output schema with expectedSchema "gcsBlobFileSchema".........skipped

StackTrace:
org.openqa.selenium.WebDriverException: unknown error: net::ERR_CONNECTION_REFUSED
  (Session info: headless chrome=92.0.4515.159)
Build info: version: '4.0.0-rc-1', revision: 'bc5511cbda'
System info: host: 'runner-deployment-build-e2e-cdapio-65d7f4cfcc-klnnm', ip: '10.116.9.14', os.name: 'Linux', os.arch: 'amd64', os.version: '5.4.144+', java.version: '1.8.0_292'
Driver info: org.openqa.selenium.chrome.ChromeDriver
Command: [b7d5af5cc5df739c7f4b0a9471f9b1cb, get {url=http://localhost:11011/pipelines/ns/default/studio}]
Capabilities {acceptInsecureCerts: false, browserName: chrome, browserVersion: 92.0.4515.159, chrome: {chromedriverVersion: 92.0.4515.107 (87a818b10553..., userDataDir: /tmp/.com.google.Chrome.LUVcVq}, goog:chromeOptions: {debuggerAddress: localhost:40605}, javascriptEnabled: true, networkConnectionEnabled: false, pageLoadStrategy: normal, platform: LINUX, platformName: LINUX, proxy: Proxy(), se:cdp: ws://localhost:40605/devtoo..., se:cdpVersion: 92.0.4515.159, setWindowRect: true, strictFileInteractability: false, timeouts: {implicit: 0, pageLoad: 300000, script: 30000}, unhandledPromptBehavior: dismiss and notify, webauthn:extension:credBlob: true, webauthn:extension:largeBlob: true, webauthn:virtualAuthenticators: true}
Session ID: b7d5af5cc5df739c7f4b0a9471f9b1cb
	at sun.reflect.NativeConstructorAccessorImpl.newInstance0(Native Method)
	at sun.reflect.NativeConstructorAccessorImpl.newInstance(NativeConstructorAccessorImpl.java:62)
	at sun.reflect.DelegatingConstructorAccessorImpl.newInstance(DelegatingConstructorAccessorImpl.java:45)
	at java.lang.reflect.Constructor.newInstance(Constructor.java:423)
	at org.openqa.selenium.remote.codec.w3c.W3CHttpResponseCodec.createException(W3CHttpResponseCodec.java:200)
	at org.openqa.selenium.remote.codec.w3c.W3CHttpResponseCodec.decode(W3CHttpResponseCodec.java:133)
	at org.openqa.selenium.remote.codec.w3c.W3CHttpResponseCodec.decode(W3CHttpResponseCodec.java:53)
	at org.openqa.selenium.remote.HttpCommandExecutor.execute(HttpCommandExecutor.java:184)
	at org.openqa.selenium.remote.service.DriverCommandExecutor.invokeExecute(DriverCommandExecutor.java:164)
	at org.openqa.selenium.remote.service.DriverCommandExecutor.execute(DriverCommandExecutor.java:139)
	at org.openqa.selenium.remote.RemoteWebDriver.execute(RemoteWebDriver.java:547)
	at org.openqa.selenium.remote.RemoteWebDriver.get(RemoteWebDriver.java:326)
	at io.cdap.e2e.utils.SeleniumDriver.openPage(SeleniumDriver.java:78)
	at io.cdap.e2e.utils.CdfHelper.openCdf(CdfHelper.java:47)
	at stepsdesign.PipelineSteps.openDatafusionProjectToConfigurePipeline(PipelineSteps.java:66)
	at ✽.Open Datafusion Project to configure pipeline(file:src/e2e-test/features/gcs/source/GCSourceSchema.feature:5)
]]></failure>
</testcase>
<testcase classname="GCS source - Validate GCS plugin output schema for different formats" name="GCS Source output schema validation for delimited files" time="1.503994">
<failure message="org.openqa.selenium.WebDriverException: unknown error: net::ERR_CONNECTION_REFUSED&#10;  (Session info: headless chrome=92.0.4515.159)&#10;Build info: version: '4.0.0-rc-1', revision: 'bc5511cbda'&#10;System info: host: 'runner-deployment-build-e2e-cdapio-65d7f4cfcc-klnnm', ip: '10.116.9.14', os.name: 'Linux', os.arch: 'amd64', os.version: '5.4.144+', java.version: '1.8.0_292'&#10;Driver info: org.openqa.selenium.chrome.ChromeDriver&#10;Command: [b7d5af5cc5df739c7f4b0a9471f9b1cb, get {url=http://localhost:11011/pipelines/ns/default/studio}]&#10;Capabilities {acceptInsecureCerts: false, browserName: chrome, browserVersion: 92.0.4515.159, chrome: {chromedriverVersion: 92.0.4515.107 (87a818b10553..., userDataDir: /tmp/.com.google.Chrome.LUVcVq}, goog:chromeOptions: {debuggerAddress: localhost:40605}, javascriptEnabled: true, networkConnectionEnabled: false, pageLoadStrategy: normal, platform: LINUX, platformName: LINUX, proxy: Proxy(), se:cdp: ws://localhost:40605/devtoo..., se:cdpVersion: 92.0.4515.159, setWindowRect: true, strictFileInteractability: false, timeouts: {implicit: 0, pageLoad: 300000, script: 30000}, unhandledPromptBehavior: dismiss and notify, webauthn:extension:credBlob: true, webauthn:extension:largeBlob: true, webauthn:virtualAuthenticators: true}&#10;Session ID: b7d5af5cc5df739c7f4b0a9471f9b1cb&#10;&#9;at sun.reflect.NativeConstructorAccessorImpl.newInstance0(Native Method)&#10;&#9;at sun.reflect.NativeConstructorAccessorImpl.newInstance(NativeConstructorAccessorImpl.java:62)&#10;&#9;at sun.reflect.DelegatingConstructorAccessorImpl.newInstance(DelegatingConstructorAccessorImpl.java:45)&#10;&#9;at java.lang.reflect.Constructor.newInstance(Constructor.java:423)&#10;&#9;at org.openqa.selenium.remote.codec.w3c.W3CHttpResponseCodec.createException(W3CHttpResponseCodec.java:200)&#10;&#9;at org.openqa.selenium.remote.codec.w3c.W3CHttpResponseCodec.decode(W3CHttpResponseCodec.java:133)&#10;&#9;at org.openqa.selenium.remote.codec.w3c.W3CHttpResponseCodec.decode(W3CHttpResponseCodec.java:53)&#10;&#9;at org.openqa.selenium.remote.HttpCommandExecutor.execute(HttpCommandExecutor.java:184)&#10;&#9;at org.openqa.selenium.remote.service.DriverCommandExecutor.invokeExecute(DriverCommandExecutor.java:164)&#10;&#9;at org.openqa.selenium.remote.service.DriverCommandExecutor.execute(DriverCommandExecutor.java:139)&#10;&#9;at org.openqa.selenium.remote.RemoteWebDriver.execute(RemoteWebDriver.java:547)&#10;&#9;at org.openqa.selenium.remote.RemoteWebDriver.get(RemoteWebDriver.java:326)&#10;&#9;at io.cdap.e2e.utils.SeleniumDriver.openPage(SeleniumDriver.java:78)&#10;&#9;at io.cdap.e2e.utils.CdfHelper.openCdf(CdfHelper.java:47)&#10;&#9;at stepsdesign.PipelineSteps.openDatafusionProjectToConfigurePipeline(PipelineSteps.java:66)&#10;&#9;at ✽.Open Datafusion Project to configure pipeline(file:src/e2e-test/features/gcs/source/GCSourceSchema.feature:28)&#10;"><![CDATA[Given Open Datafusion Project to configure pipeline.........................failed
When Source is GCS..........................................................skipped
Then Open GCS source properties.............................................skipped
Then Enter GCS property projectId and reference name........................skipped
Then Enter GCS source property path "gcsDelimitedFile"......................skipped
Then Select GCS property format "delimited".................................skipped
Then Enter GCS property delimiter "gcsDelimiter"............................skipped
Then Toggle GCS source property skip header to true.........................skipped
Then Validate output schema with expectedSchema "gcsDelimitedFileSchema"....skipped

StackTrace:
org.openqa.selenium.WebDriverException: unknown error: net::ERR_CONNECTION_REFUSED
  (Session info: headless chrome=92.0.4515.159)
Build info: version: '4.0.0-rc-1', revision: 'bc5511cbda'
System info: host: 'runner-deployment-build-e2e-cdapio-65d7f4cfcc-klnnm', ip: '10.116.9.14', os.name: 'Linux', os.arch: 'amd64', os.version: '5.4.144+', java.version: '1.8.0_292'
Driver info: org.openqa.selenium.chrome.ChromeDriver
Command: [b7d5af5cc5df739c7f4b0a9471f9b1cb, get {url=http://localhost:11011/pipelines/ns/default/studio}]
Capabilities {acceptInsecureCerts: false, browserName: chrome, browserVersion: 92.0.4515.159, chrome: {chromedriverVersion: 92.0.4515.107 (87a818b10553..., userDataDir: /tmp/.com.google.Chrome.LUVcVq}, goog:chromeOptions: {debuggerAddress: localhost:40605}, javascriptEnabled: true, networkConnectionEnabled: false, pageLoadStrategy: normal, platform: LINUX, platformName: LINUX, proxy: Proxy(), se:cdp: ws://localhost:40605/devtoo..., se:cdpVersion: 92.0.4515.159, setWindowRect: true, strictFileInteractability: false, timeouts: {implicit: 0, pageLoad: 300000, script: 30000}, unhandledPromptBehavior: dismiss and notify, webauthn:extension:credBlob: true, webauthn:extension:largeBlob: true, webauthn:virtualAuthenticators: true}
Session ID: b7d5af5cc5df739c7f4b0a9471f9b1cb
	at sun.reflect.NativeConstructorAccessorImpl.newInstance0(Native Method)
	at sun.reflect.NativeConstructorAccessorImpl.newInstance(NativeConstructorAccessorImpl.java:62)
	at sun.reflect.DelegatingConstructorAccessorImpl.newInstance(DelegatingConstructorAccessorImpl.java:45)
	at java.lang.reflect.Constructor.newInstance(Constructor.java:423)
	at org.openqa.selenium.remote.codec.w3c.W3CHttpResponseCodec.createException(W3CHttpResponseCodec.java:200)
	at org.openqa.selenium.remote.codec.w3c.W3CHttpResponseCodec.decode(W3CHttpResponseCodec.java:133)
	at org.openqa.selenium.remote.codec.w3c.W3CHttpResponseCodec.decode(W3CHttpResponseCodec.java:53)
	at org.openqa.selenium.remote.HttpCommandExecutor.execute(HttpCommandExecutor.java:184)
	at org.openqa.selenium.remote.service.DriverCommandExecutor.invokeExecute(DriverCommandExecutor.java:164)
	at org.openqa.selenium.remote.service.DriverCommandExecutor.execute(DriverCommandExecutor.java:139)
	at org.openqa.selenium.remote.RemoteWebDriver.execute(RemoteWebDriver.java:547)
	at org.openqa.selenium.remote.RemoteWebDriver.get(RemoteWebDriver.java:326)
	at io.cdap.e2e.utils.SeleniumDriver.openPage(SeleniumDriver.java:78)
	at io.cdap.e2e.utils.CdfHelper.openCdf(CdfHelper.java:47)
	at stepsdesign.PipelineSteps.openDatafusionProjectToConfigurePipeline(PipelineSteps.java:66)
	at ✽.Open Datafusion Project to configure pipeline(file:src/e2e-test/features/gcs/source/GCSourceSchema.feature:28)
]]></failure>
</testcase>
<testcase classname="GCS source - Validate GCS plugin output schema for different formats" name="GCS Source output schema validation for delimited files 2" time="1.628093">
<failure message="org.openqa.selenium.WebDriverException: unknown error: net::ERR_CONNECTION_REFUSED&#10;  (Session info: headless chrome=92.0.4515.159)&#10;Build info: version: '4.0.0-rc-1', revision: 'bc5511cbda'&#10;System info: host: 'runner-deployment-build-e2e-cdapio-65d7f4cfcc-klnnm', ip: '10.116.9.14', os.name: 'Linux', os.arch: 'amd64', os.version: '5.4.144+', java.version: '1.8.0_292'&#10;Driver info: org.openqa.selenium.chrome.ChromeDriver&#10;Command: [b7d5af5cc5df739c7f4b0a9471f9b1cb, get {url=http://localhost:11011/pipelines/ns/default/studio}]&#10;Capabilities {acceptInsecureCerts: false, browserName: chrome, browserVersion: 92.0.4515.159, chrome: {chromedriverVersion: 92.0.4515.107 (87a818b10553..., userDataDir: /tmp/.com.google.Chrome.LUVcVq}, goog:chromeOptions: {debuggerAddress: localhost:40605}, javascriptEnabled: true, networkConnectionEnabled: false, pageLoadStrategy: normal, platform: LINUX, platformName: LINUX, proxy: Proxy(), se:cdp: ws://localhost:40605/devtoo..., se:cdpVersion: 92.0.4515.159, setWindowRect: true, strictFileInteractability: false, timeouts: {implicit: 0, pageLoad: 300000, script: 30000}, unhandledPromptBehavior: dismiss and notify, webauthn:extension:credBlob: true, webauthn:extension:largeBlob: true, webauthn:virtualAuthenticators: true}&#10;Session ID: b7d5af5cc5df739c7f4b0a9471f9b1cb&#10;&#9;at sun.reflect.NativeConstructorAccessorImpl.newInstance0(Native Method)&#10;&#9;at sun.reflect.NativeConstructorAccessorImpl.newInstance(NativeConstructorAccessorImpl.java:62)&#10;&#9;at sun.reflect.DelegatingConstructorAccessorImpl.newInstance(DelegatingConstructorAccessorImpl.java:45)&#10;&#9;at java.lang.reflect.Constructor.newInstance(Constructor.java:423)&#10;&#9;at org.openqa.selenium.remote.codec.w3c.W3CHttpResponseCodec.createException(W3CHttpResponseCodec.java:200)&#10;&#9;at org.openqa.selenium.remote.codec.w3c.W3CHttpResponseCodec.decode(W3CHttpResponseCodec.java:133)&#10;&#9;at org.openqa.selenium.remote.codec.w3c.W3CHttpResponseCodec.decode(W3CHttpResponseCodec.java:53)&#10;&#9;at org.openqa.selenium.remote.HttpCommandExecutor.execute(HttpCommandExecutor.java:184)&#10;&#9;at org.openqa.selenium.remote.service.DriverCommandExecutor.invokeExecute(DriverCommandExecutor.java:164)&#10;&#9;at org.openqa.selenium.remote.service.DriverCommandExecutor.execute(DriverCommandExecutor.java:139)&#10;&#9;at org.openqa.selenium.remote.RemoteWebDriver.execute(RemoteWebDriver.java:547)&#10;&#9;at org.openqa.selenium.remote.RemoteWebDriver.get(RemoteWebDriver.java:326)&#10;&#9;at io.cdap.e2e.utils.SeleniumDriver.openPage(SeleniumDriver.java:78)&#10;&#9;at io.cdap.e2e.utils.CdfHelper.openCdf(CdfHelper.java:47)&#10;&#9;at stepsdesign.PipelineSteps.openDatafusionProjectToConfigurePipeline(PipelineSteps.java:66)&#10;&#9;at ✽.Open Datafusion Project to configure pipeline(file:src/e2e-test/features/gcs/source/GCSourceSchema.feature:28)&#10;"><![CDATA[Given Open Datafusion Project to configure pipeline.........................failed
When Source is GCS..........................................................skipped
Then Open GCS source properties.............................................skipped
Then Enter GCS property projectId and reference name........................skipped
Then Enter GCS source property path "gcsTextFile"...........................skipped
Then Select GCS property format "text"......................................skipped
Then Enter GCS property delimiter "gcsDelimiter"............................skipped
Then Toggle GCS source property skip header to true.........................skipped
Then Validate output schema with expectedSchema "gcsTextFileSchema".........skipped

StackTrace:
org.openqa.selenium.WebDriverException: unknown error: net::ERR_CONNECTION_REFUSED
  (Session info: headless chrome=92.0.4515.159)
Build info: version: '4.0.0-rc-1', revision: 'bc5511cbda'
System info: host: 'runner-deployment-build-e2e-cdapio-65d7f4cfcc-klnnm', ip: '10.116.9.14', os.name: 'Linux', os.arch: 'amd64', os.version: '5.4.144+', java.version: '1.8.0_292'
Driver info: org.openqa.selenium.chrome.ChromeDriver
Command: [b7d5af5cc5df739c7f4b0a9471f9b1cb, get {url=http://localhost:11011/pipelines/ns/default/studio}]
Capabilities {acceptInsecureCerts: false, browserName: chrome, browserVersion: 92.0.4515.159, chrome: {chromedriverVersion: 92.0.4515.107 (87a818b10553..., userDataDir: /tmp/.com.google.Chrome.LUVcVq}, goog:chromeOptions: {debuggerAddress: localhost:40605}, javascriptEnabled: true, networkConnectionEnabled: false, pageLoadStrategy: normal, platform: LINUX, platformName: LINUX, proxy: Proxy(), se:cdp: ws://localhost:40605/devtoo..., se:cdpVersion: 92.0.4515.159, setWindowRect: true, strictFileInteractability: false, timeouts: {implicit: 0, pageLoad: 300000, script: 30000}, unhandledPromptBehavior: dismiss and notify, webauthn:extension:credBlob: true, webauthn:extension:largeBlob: true, webauthn:virtualAuthenticators: true}
Session ID: b7d5af5cc5df739c7f4b0a9471f9b1cb
	at sun.reflect.NativeConstructorAccessorImpl.newInstance0(Native Method)
	at sun.reflect.NativeConstructorAccessorImpl.newInstance(NativeConstructorAccessorImpl.java:62)
	at sun.reflect.DelegatingConstructorAccessorImpl.newInstance(DelegatingConstructorAccessorImpl.java:45)
	at java.lang.reflect.Constructor.newInstance(Constructor.java:423)
	at org.openqa.selenium.remote.codec.w3c.W3CHttpResponseCodec.createException(W3CHttpResponseCodec.java:200)
	at org.openqa.selenium.remote.codec.w3c.W3CHttpResponseCodec.decode(W3CHttpResponseCodec.java:133)
	at org.openqa.selenium.remote.codec.w3c.W3CHttpResponseCodec.decode(W3CHttpResponseCodec.java:53)
	at org.openqa.selenium.remote.HttpCommandExecutor.execute(HttpCommandExecutor.java:184)
	at org.openqa.selenium.remote.service.DriverCommandExecutor.invokeExecute(DriverCommandExecutor.java:164)
	at org.openqa.selenium.remote.service.DriverCommandExecutor.execute(DriverCommandExecutor.java:139)
	at org.openqa.selenium.remote.RemoteWebDriver.execute(RemoteWebDriver.java:547)
	at org.openqa.selenium.remote.RemoteWebDriver.get(RemoteWebDriver.java:326)
	at io.cdap.e2e.utils.SeleniumDriver.openPage(SeleniumDriver.java:78)
	at io.cdap.e2e.utils.CdfHelper.openCdf(CdfHelper.java:47)
	at stepsdesign.PipelineSteps.openDatafusionProjectToConfigurePipeline(PipelineSteps.java:66)
	at ✽.Open Datafusion Project to configure pipeline(file:src/e2e-test/features/gcs/source/GCSourceSchema.feature:28)
]]></failure>
</testcase>
</testsuite>
